<?xml version="1.0" encoding="UTF-8"?>
<testsuites>
  <testsuite name="CLI Arguments" tests="55" assertions="149" errors="0" failures="0" skipped="0" time="1.926392">
    <testsuite name="Tests\Feature\Core\User\Application\DataTransformer\UserDataTransformerTest" file="/var/www/abacusSystem-new/tests/Feature/Core/User/Application/DataTransformer/UserDataTransformerTest.php" tests="2" assertions="13" errors="0" failures="0" skipped="0" time="0.314651">
      <testcase name="test_write_should_return_object" file="/var/www/abacusSystem-new/tests/Feature/Core/User/Application/DataTransformer/UserDataTransformerTest.php" line="46" class="Tests\Feature\Core\User\Application\DataTransformer\UserDataTransformerTest" classname="Tests.Feature.Core.User.Application.DataTransformer.UserDataTransformerTest" assertions="1" time="0.229663"/>
      <testsuite name="Tests\Feature\Core\User\Application\DataTransformer\UserDataTransformerTest::test_read_should_return_array" tests="1" assertions="12" errors="0" failures="0" skipped="0" time="0.084988">
        <testcase name="test_read_should_return_array with data set #0" file="/var/www/abacusSystem-new/tests/Feature/Core/User/Application/DataTransformer/UserDataTransformerTest.php" line="57" class="Tests\Feature\Core\User\Application\DataTransformer\UserDataTransformerTest" classname="Tests.Feature.Core.User.Application.DataTransformer.UserDataTransformerTest" assertions="12" time="0.084988"/>
      </testsuite>
    </testsuite>
    <testsuite name="Tests\Feature\Core\User\Application\Factory\UserFactoryTest" file="/var/www/abacusSystem-new/tests/Feature/Core/User/Application/Factory/UserFactoryTest.php" tests="3" assertions="16" errors="0" failures="0" skipped="0" time="0.107794">
      <testsuite name="Tests\Feature\Core\User\Application\Factory\UserFactoryTest::test_buildUserFromArray_should_return_user" tests="1" assertions="11" errors="0" failures="0" skipped="0" time="0.049054">
        <testcase name="test_buildUserFromArray_should_return_user with data set #0" file="/var/www/abacusSystem-new/tests/Feature/Core/User/Application/Factory/UserFactoryTest.php" line="37" class="Tests\Feature\Core\User\Application\Factory\UserFactoryTest" classname="Tests.Feature.Core.User.Application.Factory.UserFactoryTest" assertions="11" time="0.049054"/>
      </testsuite>
      <testcase name="test_buildUpdatedAt_should_return_value_object" file="/var/www/abacusSystem-new/tests/Feature/Core/User/Application/Factory/UserFactoryTest.php" line="55" class="Tests\Feature\Core\User\Application\Factory\UserFactoryTest" classname="Tests.Feature.Core.User.Application.Factory.UserFactoryTest" assertions="3" time="0.027465"/>
      <testcase name="test_buildUserPhoto_should_return_value_object" file="/var/www/abacusSystem-new/tests/Feature/Core/User/Application/Factory/UserFactoryTest.php" line="66" class="Tests\Feature\Core\User\Application\Factory\UserFactoryTest" classname="Tests.Feature.Core.User.Application.Factory.UserFactoryTest" assertions="2" time="0.031274"/>
    </testsuite>
    <testsuite name="Tests\Feature\Core\User\Domain\UserTest" file="/var/www/abacusSystem-new/tests/Feature/Core/User/Domain/UserTest.php" tests="18" assertions="36" errors="0" failures="0" skipped="0" time="0.546031">
      <testcase name="test_id_should_return_user_id" file="/var/www/abacusSystem-new/tests/Feature/Core/User/Domain/UserTest.php" line="80" class="Tests\Feature\Core\User\Domain\UserTest" classname="Tests.Feature.Core.User.Domain.UserTest" assertions="2" time="0.027437"/>
      <testcase name="test_set_id_should_change_id_and_return_object" file="/var/www/abacusSystem-new/tests/Feature/Core/User/Domain/UserTest.php" line="88" class="Tests\Feature\Core\User\Domain\UserTest" classname="Tests.Feature.Core.User.Domain.UserTest" assertions="2" time="0.029659"/>
      <testcase name="test_employee_id_should_return_employee_id" file="/var/www/abacusSystem-new/tests/Feature/Core/User/Domain/UserTest.php" line="99" class="Tests\Feature\Core\User\Domain\UserTest" classname="Tests.Feature.Core.User.Domain.UserTest" assertions="2" time="0.029259"/>
      <testcase name="test_set_employee_id_should_change_id_and_return_object" file="/var/www/abacusSystem-new/tests/Feature/Core/User/Domain/UserTest.php" line="107" class="Tests\Feature\Core\User\Domain\UserTest" classname="Tests.Feature.Core.User.Domain.UserTest" assertions="2" time="0.029399"/>
      <testcase name="test_profile_id_should_return_profile_id" file="/var/www/abacusSystem-new/tests/Feature/Core/User/Domain/UserTest.php" line="118" class="Tests\Feature\Core\User\Domain\UserTest" classname="Tests.Feature.Core.User.Domain.UserTest" assertions="2" time="0.034114"/>
      <testcase name="test_set_profile_id_should_change_id_and_return_object" file="/var/www/abacusSystem-new/tests/Feature/Core/User/Domain/UserTest.php" line="126" class="Tests\Feature\Core\User\Domain\UserTest" classname="Tests.Feature.Core.User.Domain.UserTest" assertions="2" time="0.034110"/>
      <testcase name="test_login_should_return_login" file="/var/www/abacusSystem-new/tests/Feature/Core/User/Domain/UserTest.php" line="137" class="Tests\Feature\Core\User\Domain\UserTest" classname="Tests.Feature.Core.User.Domain.UserTest" assertions="2" time="0.027140"/>
      <testcase name="test_set_login_should_change_id_and_return_object" file="/var/www/abacusSystem-new/tests/Feature/Core/User/Domain/UserTest.php" line="145" class="Tests\Feature\Core\User\Domain\UserTest" classname="Tests.Feature.Core.User.Domain.UserTest" assertions="2" time="0.027618"/>
      <testcase name="test_password_should_return_password" file="/var/www/abacusSystem-new/tests/Feature/Core/User/Domain/UserTest.php" line="156" class="Tests\Feature\Core\User\Domain\UserTest" classname="Tests.Feature.Core.User.Domain.UserTest" assertions="2" time="0.028061"/>
      <testcase name="test_set_password_should_change_id_and_return_object" file="/var/www/abacusSystem-new/tests/Feature/Core/User/Domain/UserTest.php" line="164" class="Tests\Feature\Core\User\Domain\UserTest" classname="Tests.Feature.Core.User.Domain.UserTest" assertions="2" time="0.027109"/>
      <testcase name="test_state_should_return_state" file="/var/www/abacusSystem-new/tests/Feature/Core/User/Domain/UserTest.php" line="175" class="Tests\Feature\Core\User\Domain\UserTest" classname="Tests.Feature.Core.User.Domain.UserTest" assertions="2" time="0.036914"/>
      <testcase name="test_set_state_should_change_id_and_return_object" file="/var/www/abacusSystem-new/tests/Feature/Core/User/Domain/UserTest.php" line="183" class="Tests\Feature\Core\User\Domain\UserTest" classname="Tests.Feature.Core.User.Domain.UserTest" assertions="2" time="0.031044"/>
      <testcase name="test_created_at_should_return_created_at" file="/var/www/abacusSystem-new/tests/Feature/Core/User/Domain/UserTest.php" line="194" class="Tests\Feature\Core\User\Domain\UserTest" classname="Tests.Feature.Core.User.Domain.UserTest" assertions="2" time="0.035073"/>
      <testcase name="test_set_created_at_should_change_id_and_return_object" file="/var/www/abacusSystem-new/tests/Feature/Core/User/Domain/UserTest.php" line="202" class="Tests\Feature\Core\User\Domain\UserTest" classname="Tests.Feature.Core.User.Domain.UserTest" assertions="2" time="0.032067"/>
      <testcase name="test_updated_at_should_return_updated_at" file="/var/www/abacusSystem-new/tests/Feature/Core/User/Domain/UserTest.php" line="213" class="Tests\Feature\Core\User\Domain\UserTest" classname="Tests.Feature.Core.User.Domain.UserTest" assertions="2" time="0.034004"/>
      <testcase name="test_set_updated_at_should_change_id_and_return_object" file="/var/www/abacusSystem-new/tests/Feature/Core/User/Domain/UserTest.php" line="222" class="Tests\Feature\Core\User\Domain\UserTest" classname="Tests.Feature.Core.User.Domain.UserTest" assertions="2" time="0.026740"/>
      <testcase name="test_photo_should_return_photo" file="/var/www/abacusSystem-new/tests/Feature/Core/User/Domain/UserTest.php" line="233" class="Tests\Feature\Core\User\Domain\UserTest" classname="Tests.Feature.Core.User.Domain.UserTest" assertions="2" time="0.029278"/>
      <testcase name="test_set_photo_should_change_id_and_return_object" file="/var/www/abacusSystem-new/tests/Feature/Core/User/Domain/UserTest.php" line="242" class="Tests\Feature\Core\User\Domain\UserTest" classname="Tests.Feature.Core.User.Domain.UserTest" assertions="2" time="0.027004"/>
    </testsuite>
    <testsuite name="Tests\Feature\Core\User\Domain\ValueObjects\UserCreatedAtTest" file="/var/www/abacusSystem-new/tests/Feature/Core/User/Domain/ValueObjects/UserCreatedAtTest.php" tests="2" assertions="6" errors="0" failures="0" skipped="0" time="0.053781">
      <testcase name="test_value_should_return_datetime" file="/var/www/abacusSystem-new/tests/Feature/Core/User/Domain/ValueObjects/UserCreatedAtTest.php" line="29" class="Tests\Feature\Core\User\Domain\ValueObjects\UserCreatedAtTest" classname="Tests.Feature.Core.User.Domain.ValueObjects.UserCreatedAtTest" assertions="2" time="0.026773"/>
      <testcase name="test_setValue_should_change_value_and_return_object" file="/var/www/abacusSystem-new/tests/Feature/Core/User/Domain/ValueObjects/UserCreatedAtTest.php" line="37" class="Tests\Feature\Core\User\Domain\ValueObjects\UserCreatedAtTest" classname="Tests.Feature.Core.User.Domain.ValueObjects.UserCreatedAtTest" assertions="4" time="0.027009"/>
    </testsuite>
    <testsuite name="Tests\Feature\Core\User\Domain\ValueObjects\UserEmployeeIdTest" file="/var/www/abacusSystem-new/tests/Feature/Core/User/Domain/ValueObjects/UserEmployeeIdTest.php" tests="4" assertions="10" errors="0" failures="0" skipped="0" time="0.109934">
      <testcase name="test_value_should_return_int" file="/var/www/abacusSystem-new/tests/Feature/Core/User/Domain/ValueObjects/UserEmployeeIdTest.php" line="27" class="Tests\Feature\Core\User\Domain\ValueObjects\UserEmployeeIdTest" classname="Tests.Feature.Core.User.Domain.ValueObjects.UserEmployeeIdTest" assertions="2" time="0.026485"/>
      <testcase name="test_value_should_return_null" file="/var/www/abacusSystem-new/tests/Feature/Core/User/Domain/ValueObjects/UserEmployeeIdTest.php" line="36" class="Tests\Feature\Core\User\Domain\ValueObjects\UserEmployeeIdTest" classname="Tests.Feature.Core.User.Domain.ValueObjects.UserEmployeeIdTest" assertions="2" time="0.029717"/>
      <testcase name="test_setValue_should_change_value_and_return_object" file="/var/www/abacusSystem-new/tests/Feature/Core/User/Domain/ValueObjects/UserEmployeeIdTest.php" line="45" class="Tests\Feature\Core\User\Domain\ValueObjects\UserEmployeeIdTest" classname="Tests.Feature.Core.User.Domain.ValueObjects.UserEmployeeIdTest" assertions="4" time="0.027299"/>
      <testcase name="test_setValue_should_return_exception" file="/var/www/abacusSystem-new/tests/Feature/Core/User/Domain/ValueObjects/UserEmployeeIdTest.php" line="58" class="Tests\Feature\Core\User\Domain\ValueObjects\UserEmployeeIdTest" classname="Tests.Feature.Core.User.Domain.ValueObjects.UserEmployeeIdTest" assertions="2" time="0.026433"/>
    </testsuite>
    <testsuite name="Tests\Feature\Core\User\Domain\ValueObjects\UserIdTest" file="/var/www/abacusSystem-new/tests/Feature/Core/User/Domain/ValueObjects/UserIdTest.php" tests="4" assertions="10" errors="0" failures="0" skipped="0" time="0.121930">
      <testcase name="test_value_should_return_int" file="/var/www/abacusSystem-new/tests/Feature/Core/User/Domain/ValueObjects/UserIdTest.php" line="27" class="Tests\Feature\Core\User\Domain\ValueObjects\UserIdTest" classname="Tests.Feature.Core.User.Domain.ValueObjects.UserIdTest" assertions="2" time="0.027017"/>
      <testcase name="test_value_should_return_null" file="/var/www/abacusSystem-new/tests/Feature/Core/User/Domain/ValueObjects/UserIdTest.php" line="36" class="Tests\Feature\Core\User\Domain\ValueObjects\UserIdTest" classname="Tests.Feature.Core.User.Domain.ValueObjects.UserIdTest" assertions="2" time="0.033295"/>
      <testcase name="test_setValue_should_change_value_and_return_object" file="/var/www/abacusSystem-new/tests/Feature/Core/User/Domain/ValueObjects/UserIdTest.php" line="45" class="Tests\Feature\Core\User\Domain\ValueObjects\UserIdTest" classname="Tests.Feature.Core.User.Domain.ValueObjects.UserIdTest" assertions="4" time="0.032258"/>
      <testcase name="test_setValue_should_return_exception" file="/var/www/abacusSystem-new/tests/Feature/Core/User/Domain/ValueObjects/UserIdTest.php" line="58" class="Tests\Feature\Core\User\Domain\ValueObjects\UserIdTest" classname="Tests.Feature.Core.User.Domain.ValueObjects.UserIdTest" assertions="2" time="0.029359"/>
    </testsuite>
    <testsuite name="Tests\Feature\Core\User\Domain\ValueObjects\UserLoginTest" file="/var/www/abacusSystem-new/tests/Feature/Core/User/Domain/ValueObjects/UserLoginTest.php" tests="2" assertions="6" errors="0" failures="0" skipped="0" time="0.058116">
      <testcase name="test_value_should_return_string" file="/var/www/abacusSystem-new/tests/Feature/Core/User/Domain/ValueObjects/UserLoginTest.php" line="26" class="Tests\Feature\Core\User\Domain\ValueObjects\UserLoginTest" classname="Tests.Feature.Core.User.Domain.ValueObjects.UserLoginTest" assertions="2" time="0.030817"/>
      <testcase name="test_setValue_should_change_value_and_return_object" file="/var/www/abacusSystem-new/tests/Feature/Core/User/Domain/ValueObjects/UserLoginTest.php" line="35" class="Tests\Feature\Core\User\Domain\ValueObjects\UserLoginTest" classname="Tests.Feature.Core.User.Domain.ValueObjects.UserLoginTest" assertions="4" time="0.027299"/>
    </testsuite>
    <testsuite name="Tests\Feature\Core\User\Domain\ValueObjects\UserPasswordTest" file="/var/www/abacusSystem-new/tests/Feature/Core/User/Domain/ValueObjects/UserPasswordTest.php" tests="2" assertions="6" errors="0" failures="0" skipped="0" time="0.056885">
      <testcase name="test_value_should_return_string" file="/var/www/abacusSystem-new/tests/Feature/Core/User/Domain/ValueObjects/UserPasswordTest.php" line="26" class="Tests\Feature\Core\User\Domain\ValueObjects\UserPasswordTest" classname="Tests.Feature.Core.User.Domain.ValueObjects.UserPasswordTest" assertions="2" time="0.028583"/>
      <testcase name="test_setValue_should_change_value_and_return_object" file="/var/www/abacusSystem-new/tests/Feature/Core/User/Domain/ValueObjects/UserPasswordTest.php" line="35" class="Tests\Feature\Core\User\Domain\ValueObjects\UserPasswordTest" classname="Tests.Feature.Core.User.Domain.ValueObjects.UserPasswordTest" assertions="4" time="0.028303"/>
    </testsuite>
    <testsuite name="Tests\Feature\Core\User\Domain\ValueObjects\UserPhotoTest" file="/var/www/abacusSystem-new/tests/Feature/Core/User/Domain/ValueObjects/UserPhotoTest.php" tests="2" assertions="6" errors="0" failures="0" skipped="0" time="0.057981">
      <testcase name="test_value_should_return_string" file="/var/www/abacusSystem-new/tests/Feature/Core/User/Domain/ValueObjects/UserPhotoTest.php" line="26" class="Tests\Feature\Core\User\Domain\ValueObjects\UserPhotoTest" classname="Tests.Feature.Core.User.Domain.ValueObjects.UserPhotoTest" assertions="2" time="0.027845"/>
      <testcase name="test_setValue_should_change_value_and_return_object" file="/var/www/abacusSystem-new/tests/Feature/Core/User/Domain/ValueObjects/UserPhotoTest.php" line="35" class="Tests\Feature\Core\User\Domain\ValueObjects\UserPhotoTest" classname="Tests.Feature.Core.User.Domain.ValueObjects.UserPhotoTest" assertions="4" time="0.030136"/>
    </testsuite>
    <testsuite name="Tests\Feature\Core\User\Domain\ValueObjects\UserProfileIdTest" file="/var/www/abacusSystem-new/tests/Feature/Core/User/Domain/ValueObjects/UserProfileIdTest.php" tests="3" assertions="8" errors="0" failures="0" skipped="0" time="0.087385">
      <testcase name="test_value_should_return_int" file="/var/www/abacusSystem-new/tests/Feature/Core/User/Domain/ValueObjects/UserProfileIdTest.php" line="25" class="Tests\Feature\Core\User\Domain\ValueObjects\UserProfileIdTest" classname="Tests.Feature.Core.User.Domain.ValueObjects.UserProfileIdTest" assertions="2" time="0.028853"/>
      <testcase name="test_value_should_return_null" file="/var/www/abacusSystem-new/tests/Feature/Core/User/Domain/ValueObjects/UserProfileIdTest.php" line="34" class="Tests\Feature\Core\User\Domain\ValueObjects\UserProfileIdTest" classname="Tests.Feature.Core.User.Domain.ValueObjects.UserProfileIdTest" assertions="2" time="0.032154"/>
      <testcase name="test_setValue_should_change_value_and_return_object" file="/var/www/abacusSystem-new/tests/Feature/Core/User/Domain/ValueObjects/UserProfileIdTest.php" line="43" class="Tests\Feature\Core\User\Domain\ValueObjects\UserProfileIdTest" classname="Tests.Feature.Core.User.Domain.ValueObjects.UserProfileIdTest" assertions="4" time="0.026378"/>
    </testsuite>
    <testsuite name="Tests\Feature\Core\User\Domain\ValueObjects\UserStateTest" file="/var/www/abacusSystem-new/tests/Feature/Core/User/Domain/ValueObjects/UserStateTest.php" tests="10" assertions="24" errors="0" failures="0" skipped="0" time="0.311028">
      <testcase name="test_value_return_should_integer" file="/var/www/abacusSystem-new/tests/Feature/Core/User/Domain/ValueObjects/UserStateTest.php" line="33" class="Tests\Feature\Core\User\Domain\ValueObjects\UserStateTest" classname="Tests.Feature.Core.User.Domain.ValueObjects.UserStateTest" assertions="2" time="0.029103"/>
      <testcase name="test_value_literal_should_return_string" file="/var/www/abacusSystem-new/tests/Feature/Core/User/Domain/ValueObjects/UserStateTest.php" line="42" class="Tests\Feature\Core\User\Domain\ValueObjects\UserStateTest" classname="Tests.Feature.Core.User.Domain.ValueObjects.UserStateTest" assertions="2" time="0.027310"/>
      <testcase name="test_set_value_should_change_state" file="/var/www/abacusSystem-new/tests/Feature/Core/User/Domain/ValueObjects/UserStateTest.php" line="54" class="Tests\Feature\Core\User\Domain\ValueObjects\UserStateTest" classname="Tests.Feature.Core.User.Domain.ValueObjects.UserStateTest" assertions="4" time="0.028628"/>
      <testcase name="test_set_value_should_return_exception" file="/var/www/abacusSystem-new/tests/Feature/Core/User/Domain/ValueObjects/UserStateTest.php" line="67" class="Tests\Feature\Core\User\Domain\ValueObjects\UserStateTest" classname="Tests.Feature.Core.User.Domain.ValueObjects.UserStateTest" assertions="2" time="0.028586"/>
      <testcase name="test_activate_should_change_state_and_return_int" file="/var/www/abacusSystem-new/tests/Feature/Core/User/Domain/ValueObjects/UserStateTest.php" line="76" class="Tests\Feature\Core\User\Domain\ValueObjects\UserStateTest" classname="Tests.Feature.Core.User.Domain.ValueObjects.UserStateTest" assertions="3" time="0.032797"/>
      <testcase name="test_inactivate_should_change_state_and_return_int" file="/var/www/abacusSystem-new/tests/Feature/Core/User/Domain/ValueObjects/UserStateTest.php" line="89" class="Tests\Feature\Core\User\Domain\ValueObjects\UserStateTest" classname="Tests.Feature.Core.User.Domain.ValueObjects.UserStateTest" assertions="3" time="0.030392"/>
      <testcase name="test_is_new_should_return_bool_and_true" file="/var/www/abacusSystem-new/tests/Feature/Core/User/Domain/ValueObjects/UserStateTest.php" line="102" class="Tests\Feature\Core\User\Domain\ValueObjects\UserStateTest" classname="Tests.Feature.Core.User.Domain.ValueObjects.UserStateTest" assertions="2" time="0.037270"/>
      <testcase name="test_is_actived_should_return_bool_and_true" file="/var/www/abacusSystem-new/tests/Feature/Core/User/Domain/ValueObjects/UserStateTest.php" line="110" class="Tests\Feature\Core\User\Domain\ValueObjects\UserStateTest" classname="Tests.Feature.Core.User.Domain.ValueObjects.UserStateTest" assertions="2" time="0.030715"/>
      <testcase name="test_is_inactived_should_return_bool_and_true" file="/var/www/abacusSystem-new/tests/Feature/Core/User/Domain/ValueObjects/UserStateTest.php" line="119" class="Tests\Feature\Core\User\Domain\ValueObjects\UserStateTest" classname="Tests.Feature.Core.User.Domain.ValueObjects.UserStateTest" assertions="2" time="0.033696"/>
      <testcase name="test_formatHtmlToState_should_return_string_html" file="/var/www/abacusSystem-new/tests/Feature/Core/User/Domain/ValueObjects/UserStateTest.php" line="131" class="Tests\Feature\Core\User\Domain\ValueObjects\UserStateTest" classname="Tests.Feature.Core.User.Domain.ValueObjects.UserStateTest" assertions="2" time="0.032532"/>
    </testsuite>
    <testsuite name="Tests\Feature\Core\User\Domain\ValueObjects\UserUpdatedAtTest" file="/var/www/abacusSystem-new/tests/Feature/Core/User/Domain/ValueObjects/UserUpdatedAtTest.php" tests="3" assertions="8" errors="0" failures="0" skipped="0" time="0.100876">
      <testcase name="test_value_should_return_datetime" file="/var/www/abacusSystem-new/tests/Feature/Core/User/Domain/ValueObjects/UserUpdatedAtTest.php" line="29" class="Tests\Feature\Core\User\Domain\ValueObjects\UserUpdatedAtTest" classname="Tests.Feature.Core.User.Domain.ValueObjects.UserUpdatedAtTest" assertions="2" time="0.031610"/>
      <testcase name="test_value_should_return_null" file="/var/www/abacusSystem-new/tests/Feature/Core/User/Domain/ValueObjects/UserUpdatedAtTest.php" line="37" class="Tests\Feature\Core\User\Domain\ValueObjects\UserUpdatedAtTest" classname="Tests.Feature.Core.User.Domain.ValueObjects.UserUpdatedAtTest" assertions="2" time="0.037992"/>
      <testcase name="test_setValue_should_change_value_and_return_object" file="/var/www/abacusSystem-new/tests/Feature/Core/User/Domain/ValueObjects/UserUpdatedAtTest.php" line="46" class="Tests\Feature\Core\User\Domain\ValueObjects\UserUpdatedAtTest" classname="Tests.Feature.Core.User.Domain.ValueObjects.UserUpdatedAtTest" assertions="4" time="0.031274"/>
    </testsuite>
  </testsuite>
</testsuites>
