<?xml version="1.0" encoding="UTF-8"?>
<testsuites>
  <testsuite name="CLI Arguments" tests="60" assertions="161" errors="0" failures="0" skipped="0" time="2.568719">
    <testsuite name="Tests\Feature\Core\User\Application\DataTransformer\UserDataTransformerTest" file="/var/www/abacusSystem-new/tests/Feature/Core/User/Application/DataTransformer/UserDataTransformerTest.php" tests="2" assertions="13" errors="0" failures="0" skipped="0" time="0.347433">
      <testcase name="test_write_should_return_object" file="/var/www/abacusSystem-new/tests/Feature/Core/User/Application/DataTransformer/UserDataTransformerTest.php" line="46" class="Tests\Feature\Core\User\Application\DataTransformer\UserDataTransformerTest" classname="Tests.Feature.Core.User.Application.DataTransformer.UserDataTransformerTest" assertions="1" time="0.255951"/>
      <testsuite name="Tests\Feature\Core\User\Application\DataTransformer\UserDataTransformerTest::test_read_should_return_array" tests="1" assertions="12" errors="0" failures="0" skipped="0" time="0.091482">
        <testcase name="test_read_should_return_array with data set #0" file="/var/www/abacusSystem-new/tests/Feature/Core/User/Application/DataTransformer/UserDataTransformerTest.php" line="57" class="Tests\Feature\Core\User\Application\DataTransformer\UserDataTransformerTest" classname="Tests.Feature.Core.User.Application.DataTransformer.UserDataTransformerTest" assertions="12" time="0.091482"/>
      </testsuite>
    </testsuite>
    <testsuite name="Tests\Feature\Core\User\Application\Factory\UserFactoryTest" file="/var/www/abacusSystem-new/tests/Feature/Core/User/Application/Factory/UserFactoryTest.php" tests="3" assertions="16" errors="0" failures="0" skipped="0" time="0.120466">
      <testsuite name="Tests\Feature\Core\User\Application\Factory\UserFactoryTest::test_buildUserFromArray_should_return_user" tests="1" assertions="11" errors="0" failures="0" skipped="0" time="0.053040">
        <testcase name="test_buildUserFromArray_should_return_user with data set #0" file="/var/www/abacusSystem-new/tests/Feature/Core/User/Application/Factory/UserFactoryTest.php" line="37" class="Tests\Feature\Core\User\Application\Factory\UserFactoryTest" classname="Tests.Feature.Core.User.Application.Factory.UserFactoryTest" assertions="11" time="0.053040"/>
      </testsuite>
      <testcase name="test_buildUpdatedAt_should_return_value_object" file="/var/www/abacusSystem-new/tests/Feature/Core/User/Application/Factory/UserFactoryTest.php" line="55" class="Tests\Feature\Core\User\Application\Factory\UserFactoryTest" classname="Tests.Feature.Core.User.Application.Factory.UserFactoryTest" assertions="3" time="0.029295"/>
      <testcase name="test_buildUserPhoto_should_return_value_object" file="/var/www/abacusSystem-new/tests/Feature/Core/User/Application/Factory/UserFactoryTest.php" line="66" class="Tests\Feature\Core\User\Application\Factory\UserFactoryTest" classname="Tests.Feature.Core.User.Application.Factory.UserFactoryTest" assertions="2" time="0.038131"/>
    </testsuite>
    <testsuite name="Tests\Feature\Core\User\Application\UseCases\CreateUser\CreateUserRequestTest" file="/var/www/abacusSystem-new/tests/Feature/Core/User/Application/UseCases/CreateUser/CreateUserRequestTest.php" tests="1" assertions="2" errors="0" failures="0" skipped="0" time="0.039984">
      <testcase name="test_user_should_return_user_domain" file="/var/www/abacusSystem-new/tests/Feature/Core/User/Application/UseCases/CreateUser/CreateUserRequestTest.php" line="34" class="Tests\Feature\Core\User\Application\UseCases\CreateUser\CreateUserRequestTest" classname="Tests.Feature.Core.User.Application.UseCases.CreateUser.CreateUserRequestTest" assertions="2" time="0.039984"/>
    </testsuite>
    <testsuite name="Tests\Feature\Core\User\Application\UseCases\CreateUser\CreateUserTest" file="/var/www/abacusSystem-new/tests/Feature/Core/User/Application/UseCases/CreateUser/CreateUserTest.php" tests="2" assertions="5" errors="0" failures="0" skipped="0" time="0.092681">
      <testcase name="test_execute_should_return_User_object" file="/var/www/abacusSystem-new/tests/Feature/Core/User/Application/UseCases/CreateUser/CreateUserTest.php" line="44" class="Tests\Feature\Core\User\Application\UseCases\CreateUser\CreateUserTest" classname="Tests.Feature.Core.User.Application.UseCases.CreateUser.CreateUserTest" assertions="3" time="0.050710"/>
      <testcase name="test_execute_should_return_exception" file="/var/www/abacusSystem-new/tests/Feature/Core/User/Application/UseCases/CreateUser/CreateUserTest.php" line="65" class="Tests\Feature\Core\User\Application\UseCases\CreateUser\CreateUserTest" classname="Tests.Feature.Core.User.Application.UseCases.CreateUser.CreateUserTest" assertions="2" time="0.041971"/>
    </testsuite>
    <testsuite name="Tests\Feature\Core\User\Application\UseCases\DeleteUser\DeleteUserRequestTest" file="/var/www/abacusSystem-new/tests/Feature/Core/User/Application/UseCases/DeleteUser/DeleteUserRequestTest.php" tests="1" assertions="2" errors="0" failures="0" skipped="0" time="0.034304">
      <testcase name="test_userId_should_return_value_object" file="/var/www/abacusSystem-new/tests/Feature/Core/User/Application/UseCases/DeleteUser/DeleteUserRequestTest.php" line="34" class="Tests\Feature\Core\User\Application\UseCases\DeleteUser\DeleteUserRequestTest" classname="Tests.Feature.Core.User.Application.UseCases.DeleteUser.DeleteUserRequestTest" assertions="2" time="0.034304"/>
    </testsuite>
    <testsuite name="Tests\Feature\Core\User\Application\UseCases\DeleteUser\DeleteUserTest" file="/var/www/abacusSystem-new/tests/Feature/Core/User/Application/UseCases/DeleteUser/DeleteUserTest.php" tests="1" assertions="3" errors="0" failures="0" skipped="0" time="0.038609">
      <testcase name="test_execute_should_return_user_object" file="/var/www/abacusSystem-new/tests/Feature/Core/User/Application/UseCases/DeleteUser/DeleteUserTest.php" line="40" class="Tests\Feature\Core\User\Application\UseCases\DeleteUser\DeleteUserTest" classname="Tests.Feature.Core.User.Application.UseCases.DeleteUser.DeleteUserTest" assertions="3" time="0.038609"/>
    </testsuite>
    <testsuite name="Tests\Feature\Core\User\Domain\UserTest" file="/var/www/abacusSystem-new/tests/Feature/Core/User/Domain/UserTest.php" tests="18" assertions="36" errors="0" failures="0" skipped="0" time="0.658616">
      <testcase name="test_id_should_return_user_id" file="/var/www/abacusSystem-new/tests/Feature/Core/User/Domain/UserTest.php" line="80" class="Tests\Feature\Core\User\Domain\UserTest" classname="Tests.Feature.Core.User.Domain.UserTest" assertions="2" time="0.029981"/>
      <testcase name="test_set_id_should_change_id_and_return_object" file="/var/www/abacusSystem-new/tests/Feature/Core/User/Domain/UserTest.php" line="88" class="Tests\Feature\Core\User\Domain\UserTest" classname="Tests.Feature.Core.User.Domain.UserTest" assertions="2" time="0.041400"/>
      <testcase name="test_employee_id_should_return_employee_id" file="/var/www/abacusSystem-new/tests/Feature/Core/User/Domain/UserTest.php" line="99" class="Tests\Feature\Core\User\Domain\UserTest" classname="Tests.Feature.Core.User.Domain.UserTest" assertions="2" time="0.031870"/>
      <testcase name="test_set_employee_id_should_change_id_and_return_object" file="/var/www/abacusSystem-new/tests/Feature/Core/User/Domain/UserTest.php" line="107" class="Tests\Feature\Core\User\Domain\UserTest" classname="Tests.Feature.Core.User.Domain.UserTest" assertions="2" time="0.035164"/>
      <testcase name="test_profile_id_should_return_profile_id" file="/var/www/abacusSystem-new/tests/Feature/Core/User/Domain/UserTest.php" line="118" class="Tests\Feature\Core\User\Domain\UserTest" classname="Tests.Feature.Core.User.Domain.UserTest" assertions="2" time="0.035941"/>
      <testcase name="test_set_profile_id_should_change_id_and_return_object" file="/var/www/abacusSystem-new/tests/Feature/Core/User/Domain/UserTest.php" line="126" class="Tests\Feature\Core\User\Domain\UserTest" classname="Tests.Feature.Core.User.Domain.UserTest" assertions="2" time="0.030513"/>
      <testcase name="test_login_should_return_login" file="/var/www/abacusSystem-new/tests/Feature/Core/User/Domain/UserTest.php" line="137" class="Tests\Feature\Core\User\Domain\UserTest" classname="Tests.Feature.Core.User.Domain.UserTest" assertions="2" time="0.043621"/>
      <testcase name="test_set_login_should_change_id_and_return_object" file="/var/www/abacusSystem-new/tests/Feature/Core/User/Domain/UserTest.php" line="145" class="Tests\Feature\Core\User\Domain\UserTest" classname="Tests.Feature.Core.User.Domain.UserTest" assertions="2" time="0.037735"/>
      <testcase name="test_password_should_return_password" file="/var/www/abacusSystem-new/tests/Feature/Core/User/Domain/UserTest.php" line="156" class="Tests\Feature\Core\User\Domain\UserTest" classname="Tests.Feature.Core.User.Domain.UserTest" assertions="2" time="0.033323"/>
      <testcase name="test_set_password_should_change_id_and_return_object" file="/var/www/abacusSystem-new/tests/Feature/Core/User/Domain/UserTest.php" line="164" class="Tests\Feature\Core\User\Domain\UserTest" classname="Tests.Feature.Core.User.Domain.UserTest" assertions="2" time="0.033732"/>
      <testcase name="test_state_should_return_state" file="/var/www/abacusSystem-new/tests/Feature/Core/User/Domain/UserTest.php" line="175" class="Tests\Feature\Core\User\Domain\UserTest" classname="Tests.Feature.Core.User.Domain.UserTest" assertions="2" time="0.033638"/>
      <testcase name="test_set_state_should_change_id_and_return_object" file="/var/www/abacusSystem-new/tests/Feature/Core/User/Domain/UserTest.php" line="183" class="Tests\Feature\Core\User\Domain\UserTest" classname="Tests.Feature.Core.User.Domain.UserTest" assertions="2" time="0.040136"/>
      <testcase name="test_created_at_should_return_created_at" file="/var/www/abacusSystem-new/tests/Feature/Core/User/Domain/UserTest.php" line="194" class="Tests\Feature\Core\User\Domain\UserTest" classname="Tests.Feature.Core.User.Domain.UserTest" assertions="2" time="0.038322"/>
      <testcase name="test_set_created_at_should_change_id_and_return_object" file="/var/www/abacusSystem-new/tests/Feature/Core/User/Domain/UserTest.php" line="202" class="Tests\Feature\Core\User\Domain\UserTest" classname="Tests.Feature.Core.User.Domain.UserTest" assertions="2" time="0.036427"/>
      <testcase name="test_updated_at_should_return_updated_at" file="/var/www/abacusSystem-new/tests/Feature/Core/User/Domain/UserTest.php" line="213" class="Tests\Feature\Core\User\Domain\UserTest" classname="Tests.Feature.Core.User.Domain.UserTest" assertions="2" time="0.040930"/>
      <testcase name="test_set_updated_at_should_change_id_and_return_object" file="/var/www/abacusSystem-new/tests/Feature/Core/User/Domain/UserTest.php" line="222" class="Tests\Feature\Core\User\Domain\UserTest" classname="Tests.Feature.Core.User.Domain.UserTest" assertions="2" time="0.047577"/>
      <testcase name="test_photo_should_return_photo" file="/var/www/abacusSystem-new/tests/Feature/Core/User/Domain/UserTest.php" line="233" class="Tests\Feature\Core\User\Domain\UserTest" classname="Tests.Feature.Core.User.Domain.UserTest" assertions="2" time="0.034388"/>
      <testcase name="test_set_photo_should_change_id_and_return_object" file="/var/www/abacusSystem-new/tests/Feature/Core/User/Domain/UserTest.php" line="242" class="Tests\Feature\Core\User\Domain\UserTest" classname="Tests.Feature.Core.User.Domain.UserTest" assertions="2" time="0.033920"/>
    </testsuite>
    <testsuite name="Tests\Feature\Core\User\Domain\ValueObjects\UserCreatedAtTest" file="/var/www/abacusSystem-new/tests/Feature/Core/User/Domain/ValueObjects/UserCreatedAtTest.php" tests="2" assertions="6" errors="0" failures="0" skipped="0" time="0.073864">
      <testcase name="test_value_should_return_datetime" file="/var/www/abacusSystem-new/tests/Feature/Core/User/Domain/ValueObjects/UserCreatedAtTest.php" line="29" class="Tests\Feature\Core\User\Domain\ValueObjects\UserCreatedAtTest" classname="Tests.Feature.Core.User.Domain.ValueObjects.UserCreatedAtTest" assertions="2" time="0.039587"/>
      <testcase name="test_setValue_should_change_value_and_return_object" file="/var/www/abacusSystem-new/tests/Feature/Core/User/Domain/ValueObjects/UserCreatedAtTest.php" line="37" class="Tests\Feature\Core\User\Domain\ValueObjects\UserCreatedAtTest" classname="Tests.Feature.Core.User.Domain.ValueObjects.UserCreatedAtTest" assertions="4" time="0.034277"/>
    </testsuite>
    <testsuite name="Tests\Feature\Core\User\Domain\ValueObjects\UserEmployeeIdTest" file="/var/www/abacusSystem-new/tests/Feature/Core/User/Domain/ValueObjects/UserEmployeeIdTest.php" tests="4" assertions="10" errors="0" failures="0" skipped="0" time="0.161009">
      <testcase name="test_value_should_return_int" file="/var/www/abacusSystem-new/tests/Feature/Core/User/Domain/ValueObjects/UserEmployeeIdTest.php" line="27" class="Tests\Feature\Core\User\Domain\ValueObjects\UserEmployeeIdTest" classname="Tests.Feature.Core.User.Domain.ValueObjects.UserEmployeeIdTest" assertions="2" time="0.043319"/>
      <testcase name="test_value_should_return_null" file="/var/www/abacusSystem-new/tests/Feature/Core/User/Domain/ValueObjects/UserEmployeeIdTest.php" line="36" class="Tests\Feature\Core\User\Domain\ValueObjects\UserEmployeeIdTest" classname="Tests.Feature.Core.User.Domain.ValueObjects.UserEmployeeIdTest" assertions="2" time="0.041173"/>
      <testcase name="test_setValue_should_change_value_and_return_object" file="/var/www/abacusSystem-new/tests/Feature/Core/User/Domain/ValueObjects/UserEmployeeIdTest.php" line="45" class="Tests\Feature\Core\User\Domain\ValueObjects\UserEmployeeIdTest" classname="Tests.Feature.Core.User.Domain.ValueObjects.UserEmployeeIdTest" assertions="4" time="0.040789"/>
      <testcase name="test_setValue_should_return_exception" file="/var/www/abacusSystem-new/tests/Feature/Core/User/Domain/ValueObjects/UserEmployeeIdTest.php" line="58" class="Tests\Feature\Core\User\Domain\ValueObjects\UserEmployeeIdTest" classname="Tests.Feature.Core.User.Domain.ValueObjects.UserEmployeeIdTest" assertions="2" time="0.035728"/>
    </testsuite>
    <testsuite name="Tests\Feature\Core\User\Domain\ValueObjects\UserIdTest" file="/var/www/abacusSystem-new/tests/Feature/Core/User/Domain/ValueObjects/UserIdTest.php" tests="4" assertions="10" errors="0" failures="0" skipped="0" time="0.135121">
      <testcase name="test_value_should_return_int" file="/var/www/abacusSystem-new/tests/Feature/Core/User/Domain/ValueObjects/UserIdTest.php" line="27" class="Tests\Feature\Core\User\Domain\ValueObjects\UserIdTest" classname="Tests.Feature.Core.User.Domain.ValueObjects.UserIdTest" assertions="2" time="0.029354"/>
      <testcase name="test_value_should_return_null" file="/var/www/abacusSystem-new/tests/Feature/Core/User/Domain/ValueObjects/UserIdTest.php" line="36" class="Tests\Feature\Core\User\Domain\ValueObjects\UserIdTest" classname="Tests.Feature.Core.User.Domain.ValueObjects.UserIdTest" assertions="2" time="0.037172"/>
      <testcase name="test_setValue_should_change_value_and_return_object" file="/var/www/abacusSystem-new/tests/Feature/Core/User/Domain/ValueObjects/UserIdTest.php" line="45" class="Tests\Feature\Core\User\Domain\ValueObjects\UserIdTest" classname="Tests.Feature.Core.User.Domain.ValueObjects.UserIdTest" assertions="4" time="0.035186"/>
      <testcase name="test_setValue_should_return_exception" file="/var/www/abacusSystem-new/tests/Feature/Core/User/Domain/ValueObjects/UserIdTest.php" line="58" class="Tests\Feature\Core\User\Domain\ValueObjects\UserIdTest" classname="Tests.Feature.Core.User.Domain.ValueObjects.UserIdTest" assertions="2" time="0.033410"/>
    </testsuite>
    <testsuite name="Tests\Feature\Core\User\Domain\ValueObjects\UserLoginTest" file="/var/www/abacusSystem-new/tests/Feature/Core/User/Domain/ValueObjects/UserLoginTest.php" tests="2" assertions="6" errors="0" failures="0" skipped="0" time="0.066901">
      <testcase name="test_value_should_return_string" file="/var/www/abacusSystem-new/tests/Feature/Core/User/Domain/ValueObjects/UserLoginTest.php" line="26" class="Tests\Feature\Core\User\Domain\ValueObjects\UserLoginTest" classname="Tests.Feature.Core.User.Domain.ValueObjects.UserLoginTest" assertions="2" time="0.028903"/>
      <testcase name="test_setValue_should_change_value_and_return_object" file="/var/www/abacusSystem-new/tests/Feature/Core/User/Domain/ValueObjects/UserLoginTest.php" line="35" class="Tests\Feature\Core\User\Domain\ValueObjects\UserLoginTest" classname="Tests.Feature.Core.User.Domain.ValueObjects.UserLoginTest" assertions="4" time="0.037998"/>
    </testsuite>
    <testsuite name="Tests\Feature\Core\User\Domain\ValueObjects\UserPasswordTest" file="/var/www/abacusSystem-new/tests/Feature/Core/User/Domain/ValueObjects/UserPasswordTest.php" tests="2" assertions="6" errors="0" failures="0" skipped="0" time="0.073870">
      <testcase name="test_value_should_return_string" file="/var/www/abacusSystem-new/tests/Feature/Core/User/Domain/ValueObjects/UserPasswordTest.php" line="26" class="Tests\Feature\Core\User\Domain\ValueObjects\UserPasswordTest" classname="Tests.Feature.Core.User.Domain.ValueObjects.UserPasswordTest" assertions="2" time="0.038615"/>
      <testcase name="test_setValue_should_change_value_and_return_object" file="/var/www/abacusSystem-new/tests/Feature/Core/User/Domain/ValueObjects/UserPasswordTest.php" line="35" class="Tests\Feature\Core\User\Domain\ValueObjects\UserPasswordTest" classname="Tests.Feature.Core.User.Domain.ValueObjects.UserPasswordTest" assertions="4" time="0.035254"/>
    </testsuite>
    <testsuite name="Tests\Feature\Core\User\Domain\ValueObjects\UserPhotoTest" file="/var/www/abacusSystem-new/tests/Feature/Core/User/Domain/ValueObjects/UserPhotoTest.php" tests="2" assertions="6" errors="0" failures="0" skipped="0" time="0.072676">
      <testcase name="test_value_should_return_string" file="/var/www/abacusSystem-new/tests/Feature/Core/User/Domain/ValueObjects/UserPhotoTest.php" line="26" class="Tests\Feature\Core\User\Domain\ValueObjects\UserPhotoTest" classname="Tests.Feature.Core.User.Domain.ValueObjects.UserPhotoTest" assertions="2" time="0.030559"/>
      <testcase name="test_setValue_should_change_value_and_return_object" file="/var/www/abacusSystem-new/tests/Feature/Core/User/Domain/ValueObjects/UserPhotoTest.php" line="35" class="Tests\Feature\Core\User\Domain\ValueObjects\UserPhotoTest" classname="Tests.Feature.Core.User.Domain.ValueObjects.UserPhotoTest" assertions="4" time="0.042117"/>
    </testsuite>
    <testsuite name="Tests\Feature\Core\User\Domain\ValueObjects\UserProfileIdTest" file="/var/www/abacusSystem-new/tests/Feature/Core/User/Domain/ValueObjects/UserProfileIdTest.php" tests="3" assertions="8" errors="0" failures="0" skipped="0" time="0.143257">
      <testcase name="test_value_should_return_int" file="/var/www/abacusSystem-new/tests/Feature/Core/User/Domain/ValueObjects/UserProfileIdTest.php" line="25" class="Tests\Feature\Core\User\Domain\ValueObjects\UserProfileIdTest" classname="Tests.Feature.Core.User.Domain.ValueObjects.UserProfileIdTest" assertions="2" time="0.039834"/>
      <testcase name="test_value_should_return_null" file="/var/www/abacusSystem-new/tests/Feature/Core/User/Domain/ValueObjects/UserProfileIdTest.php" line="34" class="Tests\Feature\Core\User\Domain\ValueObjects\UserProfileIdTest" classname="Tests.Feature.Core.User.Domain.ValueObjects.UserProfileIdTest" assertions="2" time="0.046563"/>
      <testcase name="test_setValue_should_change_value_and_return_object" file="/var/www/abacusSystem-new/tests/Feature/Core/User/Domain/ValueObjects/UserProfileIdTest.php" line="43" class="Tests\Feature\Core\User\Domain\ValueObjects\UserProfileIdTest" classname="Tests.Feature.Core.User.Domain.ValueObjects.UserProfileIdTest" assertions="4" time="0.056860"/>
    </testsuite>
    <testsuite name="Tests\Feature\Core\User\Domain\ValueObjects\UserStateTest" file="/var/www/abacusSystem-new/tests/Feature/Core/User/Domain/ValueObjects/UserStateTest.php" tests="10" assertions="24" errors="0" failures="0" skipped="0" time="0.406887">
      <testcase name="test_value_return_should_integer" file="/var/www/abacusSystem-new/tests/Feature/Core/User/Domain/ValueObjects/UserStateTest.php" line="33" class="Tests\Feature\Core\User\Domain\ValueObjects\UserStateTest" classname="Tests.Feature.Core.User.Domain.ValueObjects.UserStateTest" assertions="2" time="0.044889"/>
      <testcase name="test_value_literal_should_return_string" file="/var/www/abacusSystem-new/tests/Feature/Core/User/Domain/ValueObjects/UserStateTest.php" line="42" class="Tests\Feature\Core\User\Domain\ValueObjects\UserStateTest" classname="Tests.Feature.Core.User.Domain.ValueObjects.UserStateTest" assertions="2" time="0.053478"/>
      <testcase name="test_set_value_should_change_state" file="/var/www/abacusSystem-new/tests/Feature/Core/User/Domain/ValueObjects/UserStateTest.php" line="54" class="Tests\Feature\Core\User\Domain\ValueObjects\UserStateTest" classname="Tests.Feature.Core.User.Domain.ValueObjects.UserStateTest" assertions="4" time="0.045274"/>
      <testcase name="test_set_value_should_return_exception" file="/var/www/abacusSystem-new/tests/Feature/Core/User/Domain/ValueObjects/UserStateTest.php" line="67" class="Tests\Feature\Core\User\Domain\ValueObjects\UserStateTest" classname="Tests.Feature.Core.User.Domain.ValueObjects.UserStateTest" assertions="2" time="0.036285"/>
      <testcase name="test_activate_should_change_state_and_return_int" file="/var/www/abacusSystem-new/tests/Feature/Core/User/Domain/ValueObjects/UserStateTest.php" line="76" class="Tests\Feature\Core\User\Domain\ValueObjects\UserStateTest" classname="Tests.Feature.Core.User.Domain.ValueObjects.UserStateTest" assertions="3" time="0.041565"/>
      <testcase name="test_inactivate_should_change_state_and_return_int" file="/var/www/abacusSystem-new/tests/Feature/Core/User/Domain/ValueObjects/UserStateTest.php" line="89" class="Tests\Feature\Core\User\Domain\ValueObjects\UserStateTest" classname="Tests.Feature.Core.User.Domain.ValueObjects.UserStateTest" assertions="3" time="0.036779"/>
      <testcase name="test_is_new_should_return_bool_and_true" file="/var/www/abacusSystem-new/tests/Feature/Core/User/Domain/ValueObjects/UserStateTest.php" line="102" class="Tests\Feature\Core\User\Domain\ValueObjects\UserStateTest" classname="Tests.Feature.Core.User.Domain.ValueObjects.UserStateTest" assertions="2" time="0.040396"/>
      <testcase name="test_is_actived_should_return_bool_and_true" file="/var/www/abacusSystem-new/tests/Feature/Core/User/Domain/ValueObjects/UserStateTest.php" line="110" class="Tests\Feature\Core\User\Domain\ValueObjects\UserStateTest" classname="Tests.Feature.Core.User.Domain.ValueObjects.UserStateTest" assertions="2" time="0.036824"/>
      <testcase name="test_is_inactived_should_return_bool_and_true" file="/var/www/abacusSystem-new/tests/Feature/Core/User/Domain/ValueObjects/UserStateTest.php" line="119" class="Tests\Feature\Core\User\Domain\ValueObjects\UserStateTest" classname="Tests.Feature.Core.User.Domain.ValueObjects.UserStateTest" assertions="2" time="0.039894"/>
      <testcase name="test_formatHtmlToState_should_return_string_html" file="/var/www/abacusSystem-new/tests/Feature/Core/User/Domain/ValueObjects/UserStateTest.php" line="131" class="Tests\Feature\Core\User\Domain\ValueObjects\UserStateTest" classname="Tests.Feature.Core.User.Domain.ValueObjects.UserStateTest" assertions="2" time="0.031503"/>
    </testsuite>
    <testsuite name="Tests\Feature\Core\User\Domain\ValueObjects\UserUpdatedAtTest" file="/var/www/abacusSystem-new/tests/Feature/Core/User/Domain/ValueObjects/UserUpdatedAtTest.php" tests="3" assertions="8" errors="0" failures="0" skipped="0" time="0.103041">
      <testcase name="test_value_should_return_datetime" file="/var/www/abacusSystem-new/tests/Feature/Core/User/Domain/ValueObjects/UserUpdatedAtTest.php" line="29" class="Tests\Feature\Core\User\Domain\ValueObjects\UserUpdatedAtTest" classname="Tests.Feature.Core.User.Domain.ValueObjects.UserUpdatedAtTest" assertions="2" time="0.031675"/>
      <testcase name="test_value_should_return_null" file="/var/www/abacusSystem-new/tests/Feature/Core/User/Domain/ValueObjects/UserUpdatedAtTest.php" line="37" class="Tests\Feature\Core\User\Domain\ValueObjects\UserUpdatedAtTest" classname="Tests.Feature.Core.User.Domain.ValueObjects.UserUpdatedAtTest" assertions="2" time="0.039925"/>
      <testcase name="test_setValue_should_change_value_and_return_object" file="/var/www/abacusSystem-new/tests/Feature/Core/User/Domain/ValueObjects/UserUpdatedAtTest.php" line="46" class="Tests\Feature\Core\User\Domain\ValueObjects\UserUpdatedAtTest" classname="Tests.Feature.Core.User.Domain.ValueObjects.UserUpdatedAtTest" assertions="4" time="0.031440"/>
    </testsuite>
  </testsuite>
</testsuites>
